<?xml version="1.0" encoding="UTF-8"?>
<!-- Generated by org.testng.reporters.JUnitReportReporter -->
<testsuite hostname="Klz-Hyd-IT0015" failures="0" tests="3" name="day1.HTTPRequest" time="11.360" errors="0" timestamp="2024-12-03T15:04:34 IST" skipped="0">
  <testcase classname="day1.HTTPRequest" name="gtetUsers" time="8.747"/>
  <testcase classname="day1.HTTPRequest" name="createUser" time="1.798"/>
  <testcase classname="day1.HTTPRequest" name="updateUser" time="0.815"/>
</testsuite> <!-- day1.HTTPRequest -->
